<?xml version="1.0" encoding="UTF-8"?>
<beans xmlns="http://www.springframework.org/schema/beans"
	xmlns:xsi="http://www.w3.org/2001/XMLSchema-instance"
	xsi:schemaLocation="http://www.springframework.org/schema/beans http://www.springframework.org/schema/beans/spring-beans.xsd">

	<!-- HandlerMapping -->
	<bean class="org.springframework.web.servlet.handler.BeanNameUrlHandlerMapping" />
	
	<!-- Controller -->
	<bean name="/index.do" class="org.springframework.web.servlet.mvc.ParameterizableViewController">
		<property name="viewName" value="list" />
	</bean>
	<bean name="/kbs/mbc.do" class="org.springframework.web.servlet.mvc.ParameterizableViewController">
		<property name="viewName" value="list2" />
	</bean>
	
	<!-- ViewResolver -->
	<bean class="org.springframework.web.servlet.view.InternalResourceViewResolver">
		<property name="prefix" value="/" />
		<property name="suffix" value=".jsp" />
	</bean>
</beans>
